<?xml version="1.0" encoding="UTF-8"?>
<testng-results ignored="0" total="1" passed="1" failed="0" skipped="0">
  <reporter-output>
  </reporter-output>
  <suite started-at="2024-11-21T20:42:27 IST" name="Default suite" finished-at="2024-11-21T20:42:39 IST" duration-ms="11465">
    <groups>
    </groups>
    <test started-at="2024-11-21T20:42:27 IST" name="Default test" finished-at="2024-11-21T20:42:39 IST" duration-ms="11465">
      <class name="ui.Test">
        <test-method is-config="true" signature="beforeClass(org.testng.ITestContext)[pri:0, instance:ui.Test@31ea9581]" started-at="2024-11-21T20:42:27 IST" name="beforeClass" finished-at="2024-11-21T20:42:28 IST" duration-ms="672" status="PASS">
          <params>
            <param index="0">
              <value>
                <![CDATA[org.testng.TestRunner@44924587]]>
              </value>
            </param>
          </params>
          <reporter-output>
          </reporter-output>
        </test-method> <!-- beforeClass -->
        <test-method signature="test()[pri:0, instance:ui.Test@31ea9581]" started-at="2024-11-21T20:42:28 IST" name="test" finished-at="2024-11-21T20:42:38 IST" duration-ms="10669" status="PASS">
          <reporter-output>
          </reporter-output>
        </test-method> <!-- test -->
        <test-method is-config="true" signature="quitDriver()[pri:0, instance:ui.Test@31ea9581]" started-at="2024-11-21T20:42:39 IST" name="quitDriver" finished-at="2024-11-21T20:42:39 IST" duration-ms="4" status="PASS">
          <reporter-output>
          </reporter-output>
        </test-method> <!-- quitDriver -->
      </class> <!-- ui.Test -->
    </test> <!-- Default test -->
  </suite> <!-- Default suite -->
</testng-results>
